CSS Order Log for build started at: 2025-08-01T05:24:11.306Z

/Users/ryan.seddon/Code/kaizen-design-system/pr-reviews/packages/components/src/AvatarGroup/AvatarGroup.module.css
/Users/ryan.seddon/Code/kaizen-design-system/pr-reviews/packages/components/src/Badge/Badge.module.css
/Users/ryan.seddon/Code/kaizen-design-system/pr-reviews/packages/components/src/ClearButton/ClearButton.module.scss
/Users/ryan.seddon/Code/kaizen-design-system/pr-reviews/packages/components/src/Card/Card.module.css
/Users/ryan.seddon/Code/kaizen-design-system/pr-reviews/packages/components/src/BrandMoment/BrandMoment.module.css
/Users/ryan.seddon/Code/kaizen-design-system/pr-reviews/packages/components/src/ButtonGroup/ButtonGroup.module.css
/Users/ryan.seddon/Code/kaizen-design-system/pr-reviews/packages/components/src/Avatar/Avatar.module.css
/Users/ryan.seddon/Code/kaizen-design-system/pr-reviews/packages/components/src/Container/Container.module.scss
/Users/ryan.seddon/Code/kaizen-design-system/pr-reviews/packages/components/src/Content/Content.module.scss
/Users/ryan.seddon/Code/kaizen-design-system/pr-reviews/packages/components/src/Brand/Brand.module.css
/Users/ryan.seddon/Code/kaizen-design-system/pr-reviews/packages/components/src/DateRangePicker/DateRangePicker.module.scss
/Users/ryan.seddon/Code/kaizen-design-system/pr-reviews/packages/components/src/ErrorPage/ErrorPage.module.scss
/Users/ryan.seddon/Code/kaizen-design-system/pr-reviews/packages/components/src/Divider/Divider.module.scss
/Users/ryan.seddon/Code/kaizen-design-system/pr-reviews/packages/components/src/FieldMessage/FieldMessage.module.scss
/Users/ryan.seddon/Code/kaizen-design-system/pr-reviews/packages/components/src/FieldGroup/FieldGroup.module.scss
/Users/ryan.seddon/Code/kaizen-design-system/pr-reviews/packages/components/src/EmptyState/EmptyState.module.css
/Users/ryan.seddon/Code/kaizen-design-system/pr-reviews/packages/components/src/Label/Label.module.scss
/Users/ryan.seddon/Code/kaizen-design-system/pr-reviews/packages/components/src/Focusable/Focusable.module.scss
/Users/ryan.seddon/Code/kaizen-design-system/pr-reviews/packages/components/src/Heading/Heading.module.scss
/Users/ryan.seddon/Code/kaizen-design-system/pr-reviews/packages/components/src/LabelledMessage/LabelledMessage.module.scss
/Users/ryan.seddon/Code/kaizen-design-system/pr-reviews/packages/components/src/GuidanceBlock/GuidanceBlock.module.css
/Users/ryan.seddon/Code/kaizen-design-system/pr-reviews/packages/components/src/Link/Link.module.css
/Users/ryan.seddon/Code/kaizen-design-system/pr-reviews/packages/components/src/LikertScaleLegacy/LikertScaleLegacy.module.scss
/Users/ryan.seddon/Code/kaizen-design-system/pr-reviews/packages/components/src/LinkButton/LinkButton.module.css
/Users/ryan.seddon/Code/kaizen-design-system/pr-reviews/packages/components/src/Popover/Popover.module.scss
/Users/ryan.seddon/Code/kaizen-design-system/pr-reviews/packages/components/src/Pagination/Pagination.module.scss
/Users/ryan.seddon/Code/kaizen-design-system/pr-reviews/packages/components/src/MultiSelect/MultiSelect.module.scss
/Users/ryan.seddon/Code/kaizen-design-system/pr-reviews/packages/components/src/ProgressBar/ProgressBar.module.scss
/Users/ryan.seddon/Code/kaizen-design-system/pr-reviews/packages/components/src/SearchField/SearchField.module.scss
/Users/ryan.seddon/Code/kaizen-design-system/pr-reviews/packages/components/src/Table/Table.module.scss
/Users/ryan.seddon/Code/kaizen-design-system/pr-reviews/packages/components/src/Select/Select.module.scss
/Users/ryan.seddon/Code/kaizen-design-system/pr-reviews/packages/components/src/Text/Text.module.scss
/Users/ryan.seddon/Code/kaizen-design-system/pr-reviews/packages/components/src/TextAreaField/TextAreaField.module.scss
/Users/ryan.seddon/Code/kaizen-design-system/pr-reviews/packages/components/src/SplitButton/SplitButton.module.scss
/Users/ryan.seddon/Code/kaizen-design-system/pr-reviews/packages/components/src/Skirt/Skirt.module.scss
/Users/ryan.seddon/Code/kaizen-design-system/pr-reviews/packages/components/src/TextArea/TextArea.module.css
/Users/ryan.seddon/Code/kaizen-design-system/pr-reviews/packages/components/src/Tag/Tag.module.scss
/Users/ryan.seddon/Code/kaizen-design-system/pr-reviews/packages/components/src/Slider/Slider.module.scss
/Users/ryan.seddon/Code/kaizen-design-system/pr-reviews/packages/components/src/TextField/TextField.module.scss
/Users/ryan.seddon/Code/kaizen-design-system/pr-reviews/packages/components/src/TimeField/TimeField.module.scss
/Users/ryan.seddon/Code/kaizen-design-system/pr-reviews/packages/components/src/TitleBlockZen/TitleBlockZen.module.scss
/Users/ryan.seddon/Code/kaizen-design-system/pr-reviews/packages/components/src/VisuallyHidden/VisuallyHidden.module.scss
/Users/ryan.seddon/Code/kaizen-design-system/pr-reviews/packages/components/src/Well/Well.module.css
/Users/ryan.seddon/Code/kaizen-design-system/pr-reviews/packages/components/src/Tooltip/Tooltip.module.scss
/Users/ryan.seddon/Code/kaizen-design-system/pr-reviews/packages/components/src/Calendar/baseCalendarClassNames.module.scss
/Users/ryan.seddon/Code/kaizen-design-system/pr-reviews/packages/components/styles/utils/AIMoment.module.css
/Users/ryan.seddon/Code/kaizen-design-system/pr-reviews/packages/components/src/__next__/Button/Button.module.css
/Users/ryan.seddon/Code/kaizen-design-system/pr-reviews/packages/components/src/__next__/Menu/Menu.module.css
/Users/ryan.seddon/Code/kaizen-design-system/pr-reviews/packages/components/src/__next__/Menu/MenuItem.module.css
/Users/ryan.seddon/Code/kaizen-design-system/pr-reviews/packages/components/src/TitleBlockZen/subcomponents/NavigationTabs.module.scss
/Users/ryan.seddon/Code/kaizen-design-system/pr-reviews/packages/components/src/TitleBlockZen/subcomponents/MainActions.module.scss
/Users/ryan.seddon/Code/kaizen-design-system/pr-reviews/packages/components/src/TitleBlockZen/subcomponents/MobileActions.module.scss
/Users/ryan.seddon/Code/kaizen-design-system/pr-reviews/packages/components/src/__next__/Tooltip/OverlayArrow.module.scss
/Users/ryan.seddon/Code/kaizen-design-system/pr-reviews/packages/components/src/__next__/Tooltip/Tooltip.module.scss
/Users/ryan.seddon/Code/kaizen-design-system/pr-reviews/packages/components/src/Calendar/CalendarSingle/CalendarSingle.module.scss
/Users/ryan.seddon/Code/kaizen-design-system/pr-reviews/packages/components/src/Calendar/CalendarRange/CalendarRange.module.scss
/Users/ryan.seddon/Code/kaizen-design-system/pr-reviews/packages/components/src/TitleBlockZen/subcomponents/TitleBlockMenuItem.module.scss
/Users/ryan.seddon/Code/kaizen-design-system/pr-reviews/packages/components/src/TitleBlockZen/subcomponents/Toolbar.module.scss
/Users/ryan.seddon/Code/kaizen-design-system/pr-reviews/packages/components/src/__next__/Icon/Icon.module.css
/Users/ryan.seddon/Code/kaizen-design-system/pr-reviews/packages/components/src/Checkbox/CheckboxField/CheckboxField.module.scss
/Users/ryan.seddon/Code/kaizen-design-system/pr-reviews/packages/components/src/Checkbox/CheckboxGroup/CheckboxGroup.module.scss
/Users/ryan.seddon/Code/kaizen-design-system/pr-reviews/packages/components/src/Checkbox/Checkbox/Checkbox.module.scss
/Users/ryan.seddon/Code/kaizen-design-system/pr-reviews/packages/components/src/Collapsible/ExpertAdviceCollapsible/ExpertAdviceCollapsible.module.scss
/Users/ryan.seddon/Code/kaizen-design-system/pr-reviews/packages/components/src/Collapsible/CollapsibleGroup/CollapsibleGroup.module.scss
/Users/ryan.seddon/Code/kaizen-design-system/pr-reviews/packages/components/src/Collapsible/Collapsible/Collapsible.module.scss
/Users/ryan.seddon/Code/kaizen-design-system/pr-reviews/packages/components/src/DateInput/DateInputWithIconButton/DateInputWithIconButton.module.scss
/Users/ryan.seddon/Code/kaizen-design-system/pr-reviews/packages/components/src/DateInput/DateInputDescription/DateInputDescription.module.scss
/Users/ryan.seddon/Code/kaizen-design-system/pr-reviews/packages/components/src/DateInput/DateInput/DateInput.module.scss
/Users/ryan.seddon/Code/kaizen-design-system/pr-reviews/packages/components/src/Calendar/LegacyCalendarRange/LegacyCalendarRange.module.scss
/Users/ryan.seddon/Code/kaizen-design-system/pr-reviews/packages/components/src/Filter/FilterDateRangePicker/FilterDateRangePicker.module.css
/Users/ryan.seddon/Code/kaizen-design-system/pr-reviews/packages/components/src/Filter/FilterSelect/FilterSelect.module.css
/Users/ryan.seddon/Code/kaizen-design-system/pr-reviews/packages/components/src/Calendar/CalendarPopover/CalendarPopover.module.scss
/Users/ryan.seddon/Code/kaizen-design-system/pr-reviews/packages/components/src/Filter/Filter/Filter.module.css
/Users/ryan.seddon/Code/kaizen-design-system/pr-reviews/packages/components/src/Filter/FilterBar/FilterBar.module.css
/Users/ryan.seddon/Code/kaizen-design-system/pr-reviews/packages/components/src/Input/Input/Input.module.scss
/Users/ryan.seddon/Code/kaizen-design-system/pr-reviews/packages/components/src/Loading/LoadingHeading/LoadingHeading.module.scss
/Users/ryan.seddon/Code/kaizen-design-system/pr-reviews/packages/components/src/Input/InputRange/InputRange.module.scss
/Users/ryan.seddon/Code/kaizen-design-system/pr-reviews/packages/components/src/Input/InputSearch/InputSearch.module.scss
/Users/ryan.seddon/Code/kaizen-design-system/pr-reviews/packages/components/src/Loading/LoadingParagraph/LoadingParagraph.module.scss
/Users/ryan.seddon/Code/kaizen-design-system/pr-reviews/packages/components/src/Loading/LoadingSpinner/LoadingSpinner.module.css
/Users/ryan.seddon/Code/kaizen-design-system/pr-reviews/packages/components/src/Modal/GenericModal/GenericModal.module.scss
/Users/ryan.seddon/Code/kaizen-design-system/pr-reviews/packages/components/src/Modal/ContextModal/ContextModal.module.scss
/Users/ryan.seddon/Code/kaizen-design-system/pr-reviews/packages/components/src/Loading/LoadingGraphic/LoadingGraphic.module.scss
/Users/ryan.seddon/Code/kaizen-design-system/pr-reviews/packages/components/src/Modal/ConfirmationModal/ConfirmationModal.module.scss
/Users/ryan.seddon/Code/kaizen-design-system/pr-reviews/packages/components/src/Modal/InputEditModal/InputEditModal.module.scss
/Users/ryan.seddon/Code/kaizen-design-system/pr-reviews/packages/components/src/Loading/LoadingInput/LoadingInput.module.scss
/Users/ryan.seddon/Code/kaizen-design-system/pr-reviews/packages/components/src/Radio/Radio/Radio.module.scss
/Users/ryan.seddon/Code/kaizen-design-system/pr-reviews/packages/components/src/Radio/RadioField/RadioField.module.scss
/Users/ryan.seddon/Code/kaizen-design-system/pr-reviews/packages/components/src/Radio/RadioGroup/RadioGroup.module.scss
/Users/ryan.seddon/Code/kaizen-design-system/pr-reviews/packages/components/src/RichTextEditor/RichTextContent/RichTextContent.module.scss
/Users/ryan.seddon/Code/kaizen-design-system/pr-reviews/packages/components/src/RichTextEditor/EditableRichTextContent/EditableRichTextContent.module.scss
/Users/ryan.seddon/Code/kaizen-design-system/pr-reviews/packages/components/src/RichTextEditor/RichTextEditor/RichTextEditor.module.scss
/Users/ryan.seddon/Code/kaizen-design-system/pr-reviews/packages/components/src/Tabs/subcomponents/Tab.module.scss
/Users/ryan.seddon/Code/kaizen-design-system/pr-reviews/packages/components/src/Tabs/subcomponents/TabPanel.module.scss
/Users/ryan.seddon/Code/kaizen-design-system/pr-reviews/packages/components/src/Tile/MultiActionTile/MultiActionTile.module.scss
/Users/ryan.seddon/Code/kaizen-design-system/pr-reviews/packages/components/src/Tabs/subcomponents/TabList.module.scss
/Users/ryan.seddon/Code/kaizen-design-system/pr-reviews/packages/components/src/Tile/TileGrid/TileGrid.module.scss
/Users/ryan.seddon/Code/kaizen-design-system/pr-reviews/packages/components/src/ToggleSwitch/ToggleSwitchField/ToggleSwitchField.module.scss
/Users/ryan.seddon/Code/kaizen-design-system/pr-reviews/packages/components/src/ToggleSwitch/ToggleSwitch/ToggleSwitch.module.scss
/Users/ryan.seddon/Code/kaizen-design-system/pr-reviews/packages/components/src/__next__/Select/Select.module.scss
/Users/ryan.seddon/Code/kaizen-design-system/pr-reviews/packages/components/src/__alpha__/SingleSelect/SingleSelect.module.css
/Users/ryan.seddon/Code/kaizen-design-system/pr-reviews/packages/components/src/Button/GenericButton/GenericButton.module.scss
/Users/ryan.seddon/Code/kaizen-design-system/pr-reviews/packages/components/src/Skirt/subcomponents/SkirtCard/SkirtCard.module.scss
/Users/ryan.seddon/Code/kaizen-design-system/pr-reviews/packages/components/src/Tag/subcomponents/LiveIcon/LiveIcon.module.css
/Users/ryan.seddon/Code/kaizen-design-system/pr-reviews/packages/components/src/Filter/FilterButton/FilterButton/FilterButton.module.css
/Users/ryan.seddon/Code/kaizen-design-system/pr-reviews/packages/components/src/Filter/FilterButton/FilterButtonRemovable/FilterButtonRemovable.module.css
/Users/ryan.seddon/Code/kaizen-design-system/pr-reviews/packages/components/src/Menu/subcomponents/MenuItem/MenuItem.module.scss
/Users/ryan.seddon/Code/kaizen-design-system/pr-reviews/packages/components/src/Menu/subcomponents/StatelessMenu/StatelessMenu.module.scss
/Users/ryan.seddon/Code/kaizen-design-system/pr-reviews/packages/components/src/Menu/subcomponents/MenuHeading/MenuHeading.module.scss
/Users/ryan.seddon/Code/kaizen-design-system/pr-reviews/packages/components/src/Menu/subcomponents/MenuList/MenuList.module.scss
/Users/ryan.seddon/Code/kaizen-design-system/pr-reviews/packages/components/src/MultiSelect/subcomponents/MultiSelectOptions/MultiSelectOptions.module.scss
/Users/ryan.seddon/Code/kaizen-design-system/pr-reviews/packages/components/src/MultiSelect/subcomponents/Popover/Popover.module.scss
/Users/ryan.seddon/Code/kaizen-design-system/pr-reviews/packages/components/src/Menu/subcomponents/MenuDropdown/MenuDropdown.module.scss
/Users/ryan.seddon/Code/kaizen-design-system/pr-reviews/packages/components/src/Notification/subcomponents/GenericNotification/GenericNotification.module.scss
/Users/ryan.seddon/Code/kaizen-design-system/pr-reviews/packages/components/src/Notification/ToastNotification/ToastNotificationsList/ToastNotificationsList.module.scss
/Users/ryan.seddon/Code/kaizen-design-system/pr-reviews/packages/components/src/MultiSelect/subcomponents/MultiSelectToggle/MultiSelectToggle.module.scss
/Users/ryan.seddon/Code/kaizen-design-system/pr-reviews/packages/components/src/Pagination/subcomponents/TruncateIndicator/TruncateIndicator.module.css
/Users/ryan.seddon/Code/kaizen-design-system/pr-reviews/packages/components/src/SplitButton/subcomponents/DropdownButton/DropdownButton.module.scss
/Users/ryan.seddon/Code/kaizen-design-system/pr-reviews/packages/components/src/ProgressBar/subcomponents/Label/Label.module.scss
/Users/ryan.seddon/Code/kaizen-design-system/pr-reviews/packages/components/src/TimeField/subcomponents/TimeSegment/TimeSegment.module.scss
/Users/ryan.seddon/Code/kaizen-design-system/pr-reviews/packages/components/src/SplitButton/subcomponents/ActionButton/ActionButton.module.scss
/Users/ryan.seddon/Code/kaizen-design-system/pr-reviews/packages/components/src/DatePicker/subcomponents/DateInputField/DateInputField.module.scss
/Users/ryan.seddon/Code/kaizen-design-system/pr-reviews/packages/components/src/Icon/subcomponents/SVG/SVG.module.scss
/Users/ryan.seddon/Code/kaizen-design-system/pr-reviews/packages/components/src/MultiSelect/subcomponents/MultiSelectOptionField/MultiSelectOptionField.module.scss
/Users/ryan.seddon/Code/kaizen-design-system/pr-reviews/packages/components/src/SplitButton/subcomponents/BaseButton/BaseButton.module.scss
/Users/ryan.seddon/Code/kaizen-design-system/pr-reviews/packages/components/src/Tile/subcomponents/GenericTile/GenericTile.module.scss
/Users/ryan.seddon/Code/kaizen-design-system/pr-reviews/packages/components/src/__next__/Tag/RemovableTag/RemovableTag.module.scss
/Users/ryan.seddon/Code/kaizen-design-system/pr-reviews/packages/components/src/__next__/Tag/Tag/Tag.module.scss
/Users/ryan.seddon/Code/kaizen-design-system/pr-reviews/packages/components/src/Illustration/subcomponents/Base/Base.module.scss
/Users/ryan.seddon/Code/kaizen-design-system/pr-reviews/packages/components/src/Notification/subcomponents/NotificationIcon/NotificationIcon.module.css
/Users/ryan.seddon/Code/kaizen-design-system/pr-reviews/packages/components/src/Workflow/subcomponents/Wrapper/Wrapper.module.css
/Users/ryan.seddon/Code/kaizen-design-system/pr-reviews/packages/components/src/Workflow/subcomponents/Main/Main.module.css
/Users/ryan.seddon/Code/kaizen-design-system/pr-reviews/packages/components/src/Filter/FilterButton/subcomponents/FilterButtonBase/FilterButtonBase.module.scss
/Users/ryan.seddon/Code/kaizen-design-system/pr-reviews/packages/components/src/Filter/Filter/subcomponents/FilterContents/FilterContents.module.css
/Users/ryan.seddon/Code/kaizen-design-system/pr-reviews/packages/components/src/Filter/Filter/subcomponents/FilterPopover/FilterPopover.module.css
/Users/ryan.seddon/Code/kaizen-design-system/pr-reviews/packages/components/src/Modal/GenericModal/subcomponents/ModalAccessibleDescription/ModalAccessibleDescription.module.scss
/Users/ryan.seddon/Code/kaizen-design-system/pr-reviews/packages/components/src/Modal/GenericModal/subcomponents/ModalFooter/ModalFooter.module.scss
/Users/ryan.seddon/Code/kaizen-design-system/pr-reviews/packages/components/src/Modal/GenericModal/subcomponents/ModalAccessibleLabel/ModalAccessibleLabel.module.scss
/Users/ryan.seddon/Code/kaizen-design-system/pr-reviews/packages/components/src/Modal/GenericModal/subcomponents/ModalHeader/ModalHeader.module.scss
/Users/ryan.seddon/Code/kaizen-design-system/pr-reviews/packages/components/src/Modal/GenericModal/subcomponents/ModalBody/ModalBody.module.scss
/Users/ryan.seddon/Code/kaizen-design-system/pr-reviews/packages/components/src/RichTextEditor/RichTextEditor/subcomponents/Toolbar/Toolbar.module.scss
/Users/ryan.seddon/Code/kaizen-design-system/pr-reviews/packages/components/src/RichTextEditor/RichTextEditor/subcomponents/ToolbarSection/ToolbarSection.module.scss
/Users/ryan.seddon/Code/kaizen-design-system/pr-reviews/packages/components/src/MultiSelect/subcomponents/Checkbox/Checkbox.module.scss
/Users/ryan.seddon/Code/kaizen-design-system/pr-reviews/packages/components/src/RichTextEditor/RichTextEditor/subcomponents/ToggleIconButton/ToggleIconButton.module.scss
/Users/ryan.seddon/Code/kaizen-design-system/pr-reviews/packages/components/src/__next__/Button/subcomponents/PendingContent/PendingContent.module.css
/Users/ryan.seddon/Code/kaizen-design-system/pr-reviews/packages/components/src/__next__/Button/subcomponents/ButtonContent/ButtonContent.module.css
/Users/ryan.seddon/Code/kaizen-design-system/pr-reviews/packages/components/src/Filter/FilterDateRangePicker/subcomponents/FilterDateRangePickerField/FilterDateRangePickerField.module.scss
/Users/ryan.seddon/Code/kaizen-design-system/pr-reviews/packages/components/src/Filter/FilterBar/subcomponents/ClearAllButton/ClearAllButton.module.css
/Users/ryan.seddon/Code/kaizen-design-system/pr-reviews/packages/components/src/Filter/FilterDateRangePicker/subcomponents/DateRangeDisplayLabel/DateRangeDisplayLabel.module.scss
/Users/ryan.seddon/Code/kaizen-design-system/pr-reviews/packages/components/src/Filter/FilterDatePicker/subcomponents/FilterDatePickerField/FilterDatePickerField.module.scss
/Users/ryan.seddon/Code/kaizen-design-system/pr-reviews/packages/components/src/Filter/FilterBar/subcomponents/FilterBarMultiSelect/FilterBarMultiSelect.module.css
/Users/ryan.seddon/Code/kaizen-design-system/pr-reviews/packages/components/src/Filter/FilterDatePicker/subcomponents/DateInputField/DateInputField.module.scss
/Users/ryan.seddon/Code/kaizen-design-system/pr-reviews/packages/components/src/__next__/Tag/RemovableTag/subcomponents/RemoveButton.module.scss
/Users/ryan.seddon/Code/kaizen-design-system/pr-reviews/packages/components/src/Filter/FilterMultiSelect/subcomponents/MultiSelectOption/MultiSelectOption.module.scss
/Users/ryan.seddon/Code/kaizen-design-system/pr-reviews/packages/components/src/Filter/FilterMultiSelect/subcomponents/LoadMoreButton/LoadMoreButton.module.scss
/Users/ryan.seddon/Code/kaizen-design-system/pr-reviews/packages/components/src/Filter/FilterMultiSelect/subcomponents/ListBox/ListBox.module.css
/Users/ryan.seddon/Code/kaizen-design-system/pr-reviews/packages/components/src/Filter/FilterMultiSelect/subcomponents/MenuPopup/MenuPopup.module.css
/Users/ryan.seddon/Code/kaizen-design-system/pr-reviews/packages/components/src/Filter/FilterMultiSelect/subcomponents/ListBoxSection/ListBoxSection.module.scss
/Users/ryan.seddon/Code/kaizen-design-system/pr-reviews/packages/components/src/Filter/FilterMultiSelect/subcomponents/NoResults/NoResults.module.scss
/Users/ryan.seddon/Code/kaizen-design-system/pr-reviews/packages/components/src/Filter/FilterMultiSelect/subcomponents/SearchInput/SearchInput.module.scss
/Users/ryan.seddon/Code/kaizen-design-system/pr-reviews/packages/components/src/Filter/FilterMultiSelect/subcomponents/SectionDivider/SectionDivider.module.scss
/Users/ryan.seddon/Code/kaizen-design-system/pr-reviews/packages/components/src/Filter/FilterMultiSelect/subcomponents/SelectionControlButton/SelectionControlButton.module.scss
/Users/ryan.seddon/Code/kaizen-design-system/pr-reviews/packages/components/src/Filter/FilterDateRangePicker/subcomponents/DateRangeInputField/DateRangeInputField.module.scss
/Users/ryan.seddon/Code/kaizen-design-system/pr-reviews/packages/components/src/__next__/Select/subcomponents/Option/Option.module.scss
/Users/ryan.seddon/Code/kaizen-design-system/pr-reviews/packages/components/src/__next__/Select/subcomponents/SelectToggle/SelectToggle.module.scss
/Users/ryan.seddon/Code/kaizen-design-system/pr-reviews/packages/components/src/__next__/Select/subcomponents/ListBoxSection/ListBoxSection.module.scss
/Users/ryan.seddon/Code/kaizen-design-system/pr-reviews/packages/components/src/__next__/Select/subcomponents/SectionDivider/SectionDivider.module.scss
/Users/ryan.seddon/Code/kaizen-design-system/pr-reviews/packages/components/src/__next__/Select/subcomponents/ListBox/ListBox.module.scss
/Users/ryan.seddon/Code/kaizen-design-system/pr-reviews/packages/components/src/__next__/Select/subcomponents/SelectPopoverContents/SelectPopoverContents.module.scss
/Users/ryan.seddon/Code/kaizen-design-system/pr-reviews/packages/components/src/Filter/FilterBar/subcomponents/FilterBarButton/FilterBarButton.module.css
/Users/ryan.seddon/Code/kaizen-design-system/pr-reviews/packages/components/src/__next__/Tabs/subcomponents/TabList/TabList.module.css
/Users/ryan.seddon/Code/kaizen-design-system/pr-reviews/packages/components/src/__next__/Tabs/subcomponents/TabPanel/TabPanel.module.css
/Users/ryan.seddon/Code/kaizen-design-system/pr-reviews/packages/components/src/__next__/Tabs/subcomponents/Tab/Tab.module.css
/Users/ryan.seddon/Code/kaizen-design-system/pr-reviews/packages/components/src/Filter/FilterDateRangePicker/subcomponents/DateRangeValidationMessage/DateRangeValidationMessage.module.scss
/Users/ryan.seddon/Code/kaizen-design-system/pr-reviews/packages/components/src/__alpha__/SingleSelect/subcomponents/ListItem/ListItem.module.css
/Users/ryan.seddon/Code/kaizen-design-system/pr-reviews/packages/components/src/__alpha__/SingleSelect/subcomponents/List/List.module.css
/Users/ryan.seddon/Code/kaizen-design-system/pr-reviews/packages/components/src/__alpha__/SingleSelect/subcomponents/ListSection/ListSection.module.css
/Users/ryan.seddon/Code/kaizen-design-system/pr-reviews/packages/components/src/__alpha__/SingleSelect/subcomponents/Trigger/Trigger.module.css
/Users/ryan.seddon/Code/kaizen-design-system/pr-reviews/packages/components/src/Filter/FilterMultiSelect/subcomponents/MenuLayout/MenuFooter/MenuFooter.module.scss
/Users/ryan.seddon/Code/kaizen-design-system/pr-reviews/packages/components/src/Filter/FilterMultiSelect/subcomponents/Trigger/RemovableFilterTrigger/RemovableFilterTrigger.module.css
/Users/ryan.seddon/Code/kaizen-design-system/pr-reviews/packages/components/src/Filter/FilterMultiSelect/subcomponents/MenuLayout/MenuLoadingSkeleton/MenuLoadingSkeleton.module.scss
/Users/ryan.seddon/Code/kaizen-design-system/pr-reviews/packages/components/src/Workflow/subcomponents/Footer/components/Root/FooterRoot.module.css
/Users/ryan.seddon/Code/kaizen-design-system/pr-reviews/packages/components/src/Workflow/subcomponents/Footer/components/FooterActions/FooterActions.module.css
/Users/ryan.seddon/Code/kaizen-design-system/pr-reviews/packages/components/src/Workflow/subcomponents/Footer/components/ProgressStepper/ProgressStepper.module.css
/Users/ryan.seddon/Code/kaizen-design-system/pr-reviews/packages/components/src/Workflow/subcomponents/Header/components/Branding/Branding.module.css
/Users/ryan.seddon/Code/kaizen-design-system/pr-reviews/packages/components/src/Workflow/subcomponents/Header/components/Actions/Actions.module.css
/Users/ryan.seddon/Code/kaizen-design-system/pr-reviews/packages/components/src/Workflow/subcomponents/Header/components/Root/Root.module.css
/Users/ryan.seddon/Code/kaizen-design-system/pr-reviews/packages/components/src/Workflow/subcomponents/Header/components/Titles/Titles.module.css
/Users/ryan.seddon/Code/kaizen-design-system/pr-reviews/packages/components/src/RichTextEditor/utils/plugins/LinkManager/components/LinkModal/LinkModal.module.scss
/Users/ryan.seddon/Code/kaizen-design-system/pr-reviews/packages/components/src/RichTextEditor/utils/plugins/LinkManager/components/LinkPopover/LinkPopover.module.scss
